# JRE version: OpenJDK Runtime Environment (11.0.13) (build 11.0.13+0-b1751.21-8125866)
# Java VM: OpenJDK 64-Bit Server VM (11.0.13+0-b1751.21-8125866, mixed mode, tiered, compressed oops, g1 gc, windows-amd64)
Heap:
 garbage-first heap   total 189440K, used 74979K [0x0000000080000000, 0x0000000100000000)
  region size 1024K, 35 young (35840K), 13 survivors (13312K)
 Metaspace       used 62487K, capacity 64174K, committed 64512K, reserved 1105920K
  class space    used 7799K, capacity 8358K, committed 8448K, reserved 1048576K
GC Heap History (20 events):
Event: 1.800 GC heap before
{Heap before GC invocations=1 (full 0):
 garbage-first heap   total 131072K, used 18630K [0x0000000080000000, 0x0000000100000000)
  region size 1024K, 13 young (13312K), 2 survivors (2048K)
 Metaspace       used 9890K, capacity 10118K, committed 10368K, reserved 1058816K
  class space    used 1011K, capacity 1102K, committed 1152K, reserved 1048576K
}
Event: 1.806 GC heap after
{Heap after GC invocations=2 (full 0):
 garbage-first heap   total 131072K, used 9395K [0x0000000080000000, 0x0000000100000000)
  region size 1024K, 2 young (2048K), 2 survivors (2048K)
 Metaspace       used 9890K, capacity 10118K, committed 10368K, reserved 1058816K
  class space    used 1011K, capacity 1102K, committed 1152K, reserved 1048576K
}
Event: 3.023 GC heap before
{Heap before GC invocations=2 (full 0):
 garbage-first heap   total 131072K, used 36019K [0x0000000080000000, 0x0000000100000000)
  region size 1024K, 28 young (28672K), 2 survivors (2048K)
 Metaspace       used 10854K, capacity 11073K, committed 11264K, reserved 1058816K
  class space    used 1112K, capacity 1207K, committed 1280K, reserved 1048576K
}
Event: 3.036 GC heap after
{Heap after GC invocations=3 (full 0):
 garbage-first heap   total 131072K, used 10316K [0x0000000080000000, 0x0000000100000000)
  region size 1024K, 3 young (3072K), 3 survivors (3072K)
 Metaspace       used 10854K, capacity 11073K, committed 11264K, reserved 1058816K
  class space    used 1112K, capacity 1207K, committed 1280K, reserved 1048576K
}
Event: 7.726 GC heap before
{Heap before GC invocations=3 (full 0):
 garbage-first heap   total 131072K, used 49228K [0x0000000080000000, 0x0000000100000000)
  region size 1024K, 41 young (41984K), 3 survivors (3072K)
 Metaspace       used 17072K, capacity 17391K, committed 17408K, reserved 1064960K
  class space    used 1940K, capacity 2035K, committed 2048K, reserved 1048576K
}
Event: 7.744 GC heap after
{Heap after GC invocations=4 (full 0):
 garbage-first heap   total 131072K, used 15768K [0x0000000080000000, 0x0000000100000000)
  region size 1024K, 6 young (6144K), 6 survivors (6144K)
 Metaspace       used 17072K, capacity 17391K, committed 17408K, reserved 1064960K
  class space    used 1940K, capacity 2035K, committed 2048K, reserved 1048576K
}
Event: 8.639 GC heap before
{Heap before GC invocations=4 (full 0):
 garbage-first heap   total 131072K, used 51608K [0x0000000080000000, 0x0000000100000000)
  region size 1024K, 42 young (43008K), 6 survivors (6144K)
 Metaspace       used 20831K, capacity 21189K, committed 21296K, reserved 1069056K
  class space    used 2525K, capacity 2688K, committed 2688K, reserved 1048576K
}
Event: 8.655 GC heap after
{Heap after GC invocations=5 (full 0):
 garbage-first heap   total 131072K, used 17254K [0x0000000080000000, 0x0000000100000000)
  region size 1024K, 6 young (6144K), 6 survivors (6144K)
 Metaspace       used 20831K, capacity 21189K, committed 21296K, reserved 1069056K
  class space    used 2525K, capacity 2688K, committed 2688K, reserved 1048576K
}
Event: 10.749 GC heap before
{Heap before GC invocations=6 (full 0):
 garbage-first heap   total 131072K, used 73574K [0x0000000080000000, 0x0000000100000000)
  region size 1024K, 61 young (62464K), 6 survivors (6144K)
 Metaspace       used 26707K, capacity 27303K, committed 27520K, reserved 1073152K
  class space    used 3452K, capacity 3670K, committed 3712K, reserved 1048576K
}
Event: 10.768 GC heap after
{Heap after GC invocations=7 (full 0):
 garbage-first heap   total 157696K, used 19717K [0x0000000080000000, 0x0000000100000000)
  region size 1024K, 4 young (4096K), 4 survivors (4096K)
 Metaspace       used 26707K, capacity 27303K, committed 27520K, reserved 1073152K
  class space    used 3452K, capacity 3670K, committed 3712K, reserved 1048576K
}
Event: 13.954 GC heap before
{Heap before GC invocations=8 (full 0):
 garbage-first heap   total 157696K, used 89349K [0x0000000080000000, 0x0000000100000000)
  region size 1024K, 72 young (73728K), 4 survivors (4096K)
 Metaspace       used 36929K, capacity 37780K, committed 38016K, reserved 1083392K
  class space    used 4687K, capacity 4992K, committed 4992K, reserved 1048576K
}
Event: 13.976 GC heap after
{Heap after GC invocations=9 (full 0):
 garbage-first heap   total 157696K, used 24633K [0x0000000080000000, 0x0000000100000000)
  region size 1024K, 9 young (9216K), 9 survivors (9216K)
 Metaspace       used 36929K, capacity 37780K, committed 38016K, reserved 1083392K
  class space    used 4687K, capacity 4992K, committed 4992K, reserved 1048576K
}
Event: 17.106 GC heap before
{Heap before GC invocations=9 (full 0):
 garbage-first heap   total 157696K, used 103481K [0x0000000080000000, 0x0000000100000000)
  region size 1024K, 84 young (86016K), 9 survivors (9216K)
 Metaspace       used 42041K, capacity 43230K, committed 43392K, reserved 1087488K
  class space    used 5341K, capacity 5732K, committed 5760K, reserved 1048576K
}
Event: 17.136 GC heap after
{Heap after GC invocations=10 (full 0):
 garbage-first heap   total 157696K, used 29064K [0x0000000080000000, 0x0000000100000000)
  region size 1024K, 10 young (10240K), 10 survivors (10240K)
 Metaspace       used 42041K, capacity 43230K, committed 43392K, reserved 1087488K
  class space    used 5341K, capacity 5732K, committed 5760K, reserved 1048576K
}
Event: 17.807 GC heap before
{Heap before GC invocations=10 (full 0):
 garbage-first heap   total 157696K, used 53640K [0x0000000080000000, 0x0000000100000000)
  region size 1024K, 35 young (35840K), 10 survivors (10240K)
 Metaspace       used 44563K, capacity 45694K, committed 45824K, reserved 1089536K
  class space    used 5608K, capacity 6020K, committed 6144K, reserved 1048576K
}
Event: 17.841 GC heap after
{Heap after GC invocations=11 (full 0):
 garbage-first heap   total 157696K, used 30720K [0x0000000080000000, 0x0000000100000000)
  region size 1024K, 7 young (7168K), 7 survivors (7168K)
 Metaspace       used 44563K, capacity 45694K, committed 45824K, reserved 1089536K
  class space    used 5608K, capacity 6020K, committed 6144K, reserved 1048576K
}
Event: 20.943 GC heap before
{Heap before GC invocations=12 (full 0):
 garbage-first heap   total 157696K, used 115712K [0x0000000080000000, 0x0000000100000000)
  region size 1024K, 90 young (92160K), 7 survivors (7168K)
 Metaspace       used 48758K, capacity 50183K, committed 50432K, reserved 1093632K
  class space    used 6149K, capacity 6619K, committed 6656K, reserved 1048576K
}
Event: 20.978 GC heap after
{Heap after GC invocations=13 (full 0):
 garbage-first heap   total 189440K, used 35341K [0x0000000080000000, 0x0000000100000000)
  region size 1024K, 7 young (7168K), 7 survivors (7168K)
 Metaspace       used 48758K, capacity 50183K, committed 50432K, reserved 1093632K
  class space    used 6149K, capacity 6619K, committed 6656K, reserved 1048576K
}
Event: 24.756 GC heap before
{Heap before GC invocations=13 (full 0):
 garbage-first heap   total 189440K, used 135693K [0x0000000080000000, 0x0000000100000000)
  region size 1024K, 97 young (99328K), 7 survivors (7168K)
 Metaspace       used 58704K, capacity 60318K, committed 60416K, reserved 1101824K
  class space    used 7311K, capacity 7841K, committed 7936K, reserved 1048576K
}
Event: 24.782 GC heap after
{Heap after GC invocations=14 (full 0):
 garbage-first heap   total 189440K, used 53475K [0x0000000080000000, 0x0000000100000000)
  region size 1024K, 13 young (13312K), 13 survivors (13312K)
 Metaspace       used 58704K, capacity 60318K, committed 60416K, reserved 1101824K
  class space    used 7311K, capacity 7841K, committed 7936K, reserved 1048576K
}

